<?xml version="1.0" encoding="UTF-8"?>
<!-- Generated by org.testng.reporters.JUnitXMLReporter -->
<testsuite ignored="1" hostname="DESKTOP-67LAP0I" failures="0" tests="1" name="Test Runner 2(failed)" time="0.112" errors="0" timestamp="2024-08-28T16:19:35 IST">
  <testcase classname="DistributedParallel.Test5" name="demo1" time="0.019"/>
  <testcase classname="DistributedParallel.Test5" name="demo2" time="0.0">
    <ignored/>
  </testcase> <!-- demo2 -->
</testsuite> <!-- Test Runner 2(failed) -->
