<?xml version="1.0" encoding="UTF-8"?>
<!-- Generated by org.testng.reporters.JUnitXMLReporter -->
<testsuite ignored="2" hostname="DESKTOP-67LAP0I" failures="0" tests="2" name="Test Runner 1(failed)" time="0.117" errors="0" timestamp="2024-08-28T16:19:35 IST">
  <testcase classname="DistributedParallel.Test3" name="demo2" time="0.019"/>
  <testcase classname="DistributedParallel.Test1" name="demo1" time="0.003"/>
  <testcase classname="DistributedParallel.Test1" name="demo2" time="0.0">
    <ignored/>
  </testcase> <!-- demo2 -->
  <testcase classname="DistributedParallel.Test3" name="demo1" time="0.0">
    <ignored/>
  </testcase> <!-- demo1 -->
</testsuite> <!-- Test Runner 1(failed) -->
