<?xml version="1.0" encoding="UTF-8"?>
<testng-results ignored="0" total="1" passed="0" failed="1" skipped="0">
  <reporter-output>
  </reporter-output>
  <suite started-at="2024-08-29T16:42:55 IST" name="Default suite" finished-at="2024-08-29T16:42:55 IST" duration-ms="105">
    <groups>
    </groups>
    <test started-at="2024-08-29T16:42:55 IST" name="Default test" finished-at="2024-08-29T16:42:55 IST" duration-ms="105">
      <class name="listenerPractice.TestClass">
        <test-method is-config="true" signature="suiteSetUp()[pri:0, instance:listenerPractice.TestClass@543295b0]" started-at="2024-08-29T16:42:55 IST" name="suiteSetUp" finished-at="2024-08-29T16:42:55 IST" duration-ms="24" status="PASS">
          <reporter-output>
          </reporter-output>
        </test-method> <!-- suiteSetUp -->
        <test-method is-config="true" signature="testSetUp()[pri:0, instance:listenerPractice.TestClass@543295b0]" started-at="2024-08-29T16:42:55 IST" name="testSetUp" finished-at="2024-08-29T16:42:55 IST" duration-ms="1" status="PASS">
          <reporter-output>
          </reporter-output>
        </test-method> <!-- testSetUp -->
        <test-method is-config="true" signature="classSetUp()[pri:0, instance:listenerPractice.TestClass@543295b0]" started-at="2024-08-29T16:42:55 IST" name="classSetUp" finished-at="2024-08-29T16:42:55 IST" duration-ms="1" status="PASS">
          <reporter-output>
          </reporter-output>
        </test-method> <!-- classSetUp -->
        <test-method is-config="true" signature="methodSetUp()[pri:0, instance:listenerPractice.TestClass@543295b0]" started-at="2024-08-29T16:42:55 IST" name="methodSetUp" finished-at="2024-08-29T16:42:55 IST" duration-ms="0" status="PASS">
          <reporter-output>
          </reporter-output>
        </test-method> <!-- methodSetUp -->
        <test-method signature="testMethod()[pri:0, instance:listenerPractice.TestClass@543295b0]" started-at="2024-08-29T16:42:55 IST" name="testMethod" finished-at="2024-08-29T16:42:55 IST" duration-ms="13" status="FAIL">
          <exception class="java.lang.AssertionError">
            <message>
              <![CDATA[null]]>
            </message>
            <full-stacktrace>
              <![CDATA[java.lang.AssertionError: null
at org.testng.Assert.fail(Assert.java:111)
at org.testng.Assert.fail(Assert.java:116)
at listenerPractice.TestClass.testMethod(TestClass.java:12)
at java.base/jdk.internal.reflect.NativeMethodAccessorImpl.invoke0(Native Method)
at java.base/jdk.internal.reflect.NativeMethodAccessorImpl.invoke(NativeMethodAccessorImpl.java:77)
at java.base/jdk.internal.reflect.DelegatingMethodAccessorImpl.invoke(DelegatingMethodAccessorImpl.java:43)
at java.base/java.lang.reflect.Method.invoke(Method.java:568)
at org.testng.internal.invokers.MethodInvocationHelper.invokeMethod(MethodInvocationHelper.java:141)
at org.testng.internal.invokers.TestInvoker.invokeMethod(TestInvoker.java:686)
at org.testng.internal.invokers.TestInvoker.invokeTestMethod(TestInvoker.java:230)
at org.testng.internal.invokers.MethodRunner.runInSequence(MethodRunner.java:63)
at org.testng.internal.invokers.TestInvoker$MethodInvocationAgent.invoke(TestInvoker.java:992)
at org.testng.internal.invokers.TestInvoker.invokeTestMethods(TestInvoker.java:203)
at org.testng.internal.invokers.TestMethodWorker.invokeTestMethods(TestMethodWorker.java:154)
at org.testng.internal.invokers.TestMethodWorker.run(TestMethodWorker.java:134)
at java.base/java.util.ArrayList.forEach(ArrayList.java:1511)
at org.testng.TestRunner.privateRun(TestRunner.java:739)
at org.testng.TestRunner.run(TestRunner.java:614)
at org.testng.SuiteRunner.runTest(SuiteRunner.java:421)
at org.testng.SuiteRunner.runSequentially(SuiteRunner.java:413)
at org.testng.SuiteRunner.privateRun(SuiteRunner.java:373)
at org.testng.SuiteRunner.run(SuiteRunner.java:312)
at org.testng.SuiteRunnerWorker.runSuite(SuiteRunnerWorker.java:52)
at org.testng.SuiteRunnerWorker.run(SuiteRunnerWorker.java:95)
at org.testng.TestNG.runSuitesSequentially(TestNG.java:1274)
at org.testng.TestNG.runSuitesLocally(TestNG.java:1208)
at org.testng.TestNG.runSuites(TestNG.java:1112)
at org.testng.TestNG.run(TestNG.java:1079)
at org.testng.remote.AbstractRemoteTestNG.run(AbstractRemoteTestNG.java:115)
at org.testng.remote.RemoteTestNG.initAndRun(RemoteTestNG.java:293)
at org.testng.remote.RemoteTestNG.main(RemoteTestNG.java:91)
]]>
            </full-stacktrace>
          </exception> <!-- java.lang.AssertionError -->
          <reporter-output>
          </reporter-output>
        </test-method> <!-- testMethod -->
        <test-method is-config="true" signature="methodTearDown()[pri:0, instance:listenerPractice.TestClass@543295b0]" started-at="2024-08-29T16:42:55 IST" name="methodTearDown" finished-at="2024-08-29T16:42:55 IST" duration-ms="1" status="PASS">
          <reporter-output>
          </reporter-output>
        </test-method> <!-- methodTearDown -->
        <test-method is-config="true" signature="classTearDown()[pri:0, instance:listenerPractice.TestClass@543295b0]" started-at="2024-08-29T16:42:55 IST" name="classTearDown" finished-at="2024-08-29T16:42:55 IST" duration-ms="1" status="PASS">
          <reporter-output>
          </reporter-output>
        </test-method> <!-- classTearDown -->
        <test-method is-config="true" signature="testTearDown()[pri:0, instance:listenerPractice.TestClass@543295b0]" started-at="2024-08-29T16:42:55 IST" name="testTearDown" finished-at="2024-08-29T16:42:55 IST" duration-ms="0" status="PASS">
          <reporter-output>
          </reporter-output>
        </test-method> <!-- testTearDown -->
        <test-method is-config="true" signature="suiteTearDown()[pri:0, instance:listenerPractice.TestClass@543295b0]" started-at="2024-08-29T16:42:55 IST" name="suiteTearDown" finished-at="2024-08-29T16:42:55 IST" duration-ms="0" status="PASS">
          <reporter-output>
          </reporter-output>
        </test-method> <!-- suiteTearDown -->
      </class> <!-- listenerPractice.TestClass -->
    </test> <!-- Default test -->
  </suite> <!-- Default suite -->
</testng-results>
